Build started 3/25/2016 15:26:44.
     1>Project "C:\Users\Polacek\Documents\GitHub\pkrim\pkrim\pkrim.vcxproj" on node 2 (Build target(s)).
     1>ClCompile:
         C:\Program Files (x86)\Microsoft Visual Studio 11.0\VC\bin\CL.exe /c /AI"C:\Program Files (x86)\Reference Assemblies\Microsoft\Framework\.NETFramework\v4.5\\" /AI"C:\Program Files (x86)\Windows Kits\8.0\References\CommonConfiguration\Neutral" /AI"C:\Program Files (x86)\Reference Assemblies\Microsoft\Framework\.NETFramework\v4.5\Facades\\" /Zi /clr /nologo /W3 /WX- /Od /Oy- /D WIN32 /D _DEBUG /D _UNICODE /D UNICODE /EHa /MDd /GS /fp:precise /Zc:wchar_t /Zc:forScope /Fo"Debug\\" /Fd"Debug\vc110.pdb" /TP /FU"C:\Program Files (x86)\Reference Assemblies\Microsoft\Framework\.NETFramework\v4.5\mscorlib.dll" /FU"C:\Program Files (x86)\Reference Assemblies\Microsoft\Framework\.NETFramework\v4.5\System.Data.dll" /FU"C:\Program Files (x86)\Reference Assemblies\Microsoft\Framework\.NETFramework\v4.5\System.dll" /FU"C:\Program Files (x86)\Reference Assemblies\Microsoft\Framework\.NETFramework\v4.5\System.Drawing.dll" /FU"C:\Program Files (x86)\Reference Assemblies\Microsoft\Framework\.NETFramework\v4.5\System.Windows.Forms.dll" /FU"C:\Program Files (x86)\Reference Assemblies\Microsoft\Framework\.NETFramework\v4.5\System.Xml.dll" /analyze- /errorReport:prompt /clr:nostdlib MyForm.cpp Secure.cpp
         MyForm.cpp
     1>c:\users\polacek\documents\github\pkrim\pkrim\MyForm.h(167): warning C4101: 'ex' : unreferenced local variable
     1>MyForm.cpp(13): warning C4829: Possibly incorrect parameters to function main. Consider 'int main(Platform::Array<Platform::String^>^ argv)'
         Secure.cpp
         Generating Code...
     1>c:\users\polacek\documents\github\pkrim\pkrim\secure.cpp(74): warning C4793: 'Secure::MemoryBreakpointDebuggerCheck' : function compiled as native :
         	Inline native assembly not supported in managed code
       Link:
         C:\Program Files (x86)\Microsoft Visual Studio 11.0\VC\bin\link.exe /ERRORREPORT:PROMPT /OUT:"C:\Users\Polacek\Documents\GitHub\pkrim\Debug\pkrim.exe" /INCREMENTAL /NOLOGO /ASSEMBLYRESOURCE:Debug\pkrim.MyForm.resources /MANIFEST /MANIFESTUAC:"level='asInvoker' uiAccess='false'" /manifest:embed /DEBUG /PDB:"C:\Users\Polacek\Documents\GitHub\pkrim\Debug\pkrim.pdb" /ASSEMBLYDEBUG /SUBSYSTEM:WINDOWS /TLBID:1 /ENTRY:"main" /DYNAMICBASE /FIXED:NO /NXCOMPAT /MACHINE:X86 Debug\MyForm.obj
         Debug\Mzda.obj
         Debug\Secure.obj
         "Debug\.NETFramework,Version=v4.5.AssemblyAttributes.obj"
         pkrim.vcxproj -> C:\Users\Polacek\Documents\GitHub\pkrim\Debug\pkrim.exe
     1>Done Building Project "C:\Users\Polacek\Documents\GitHub\pkrim\pkrim\pkrim.vcxproj" (Build target(s)).

Build succeeded.

Time Elapsed 00:00:05.35
